TN:
SF:captainHook.js
FNF:0
FNH:0
DA:1,0
DA:3,0
LF:2
LH:0
BRF:0
BRH:0
end_of_record
TN:
SF:config.js
FNF:0
FNH:0
DA:1,1
DA:3,1
LF:2
LH:2
BRDA:4,0,0,1
BRDA:4,0,1,1
BRDA:5,1,0,1
BRDA:5,1,1,1
BRDA:6,2,0,1
BRDA:6,2,1,1
BRDA:7,3,0,1
BRDA:7,3,1,1
BRDA:8,4,0,1
BRDA:8,4,1,1
BRDA:9,5,0,1
BRDA:9,5,1,1
BRDA:10,6,0,1
BRDA:10,6,1,1
BRDA:11,7,0,1
BRDA:11,7,1,1
BRDA:12,8,0,1
BRDA:12,8,1,1
BRDA:13,9,0,1
BRDA:13,9,1,1
BRDA:14,10,0,1
BRDA:14,10,1,1
BRDA:16,11,0,1
BRDA:16,11,1,1
BRDA:18,12,0,1
BRDA:18,12,1,1
BRDA:19,13,0,1
BRDA:19,13,1,1
BRDA:20,14,0,1
BRDA:20,14,1,1
BRDA:21,15,0,1
BRDA:21,15,1,1
BRDA:22,16,0,1
BRDA:22,16,1,1
BRDA:24,17,0,1
BRDA:24,17,1,1
BRF:36
BRH:36
end_of_record
TN:
SF:app/Action.js
FN:11,(anonymous_0)
FN:27,(anonymous_1)
FN:38,(anonymous_2)
FN:47,(anonymous_3)
FN:72,(anonymous_4)
FN:82,(anonymous_5)
FN:102,(anonymous_6)
FN:125,(anonymous_7)
FNF:8
FNH:7
FNDA:1,(anonymous_0)
FNDA:1,(anonymous_1)
FNDA:1,(anonymous_2)
FNDA:2,(anonymous_3)
FNDA:2,(anonymous_4)
FNDA:3,(anonymous_5)
FNDA:0,(anonymous_6)
FNDA:3,(anonymous_7)
DA:3,1
DA:4,1
DA:5,1
DA:6,1
DA:7,1
DA:8,1
DA:12,1
DA:18,1
DA:20,1
DA:24,1
DA:28,1
DA:31,1
DA:32,2
DA:35,1
DA:39,1
DA:40,1
DA:48,2
DA:50,2
DA:52,2
DA:53,1
DA:60,1
DA:68,1
DA:73,2
DA:74,2
DA:75,3
DA:78,1
DA:83,3
DA:84,1
DA:89,2
DA:90,2
DA:92,1
DA:95,2
DA:103,0
DA:117,0
DA:126,3
DA:127,3
DA:128,3
DA:129,1
DA:130,2
DA:131,1
DA:132,1
DA:133,1
DA:135,3
DA:137,3
DA:146,1
LF:45
LH:43
BRDA:18,0,0,0
BRDA:18,0,1,1
BRDA:52,1,0,1
BRDA:52,1,1,1
BRDA:83,2,0,1
BRDA:83,2,1,2
BRDA:128,3,0,1
BRDA:128,3,1,2
BRDA:130,4,0,1
BRDA:130,4,1,1
BRDA:132,5,0,1
BRDA:132,5,1,0
BRF:12
BRH:10
end_of_record
TN:
SF:app/ClientInstance.js
FN:16,(anonymous_0)
FN:34,(anonymous_1)
FN:35,(anonymous_2)
FN:40,(anonymous_3)
FN:55,(anonymous_4)
FN:59,(anonymous_5)
FN:63,(anonymous_6)
FN:77,(anonymous_7)
FN:87,(anonymous_8)
FN:92,(anonymous_9)
FN:100,(anonymous_10)
FN:101,(anonymous_11)
FN:106,(anonymous_12)
FN:124,(anonymous_13)
FN:137,(anonymous_14)
FN:153,(anonymous_15)
FN:164,(anonymous_16)
FN:177,(anonymous_17)
FN:187,(anonymous_18)
FNF:19
FNH:14
FNDA:2,(anonymous_0)
FNDA:2,(anonymous_1)
FNDA:0,(anonymous_2)
FNDA:1,(anonymous_3)
FNDA:4,(anonymous_4)
FNDA:18,(anonymous_5)
FNDA:2,(anonymous_6)
FNDA:2,(anonymous_7)
FNDA:0,(anonymous_8)
FNDA:0,(anonymous_9)
FNDA:0,(anonymous_10)
FNDA:0,(anonymous_11)
FNDA:1,(anonymous_12)
FNDA:2,(anonymous_13)
FNDA:2,(anonymous_14)
FNDA:1,(anonymous_15)
FNDA:2,(anonymous_16)
FNDA:1,(anonymous_17)
FNDA:1,(anonymous_18)
DA:1,1
DA:2,1
DA:9,1
DA:10,1
DA:11,1
DA:12,1
DA:13,1
DA:17,2
DA:31,2
DA:35,2
DA:36,0
DA:41,1
DA:47,1
DA:48,1
DA:49,1
DA:51,0
DA:56,4
DA:57,4
DA:59,18
DA:60,4
DA:64,2
DA:68,2
DA:70,2
DA:71,12
DA:72,12
DA:73,12
DA:81,2
DA:83,2
DA:84,6
DA:85,6
DA:86,6
DA:87,2
DA:92,4
DA:101,0
DA:102,0
DA:107,1
DA:108,1
DA:111,1
DA:112,1
DA:115,1
DA:116,1
DA:117,1
DA:118,1
DA:119,1
DA:125,2
DA:127,2
DA:129,2
DA:130,2
DA:132,1
DA:133,1
DA:138,2
DA:140,2
DA:146,2
DA:147,2
DA:154,1
DA:156,1
DA:165,2
DA:166,2
DA:172,1
DA:173,1
DA:178,1
DA:179,1
DA:180,1
DA:181,1
DA:182,1
DA:184,1
DA:188,1
DA:189,1
DA:193,1
LF:69
LH:65
BRDA:86,0,0,2
BRDA:86,0,1,4
BRDA:107,1,0,1
BRDA:107,1,1,0
BRDA:111,2,0,1
BRDA:111,2,1,0
BRDA:115,3,0,1
BRDA:115,3,1,0
BRDA:117,4,0,1
BRDA:117,4,1,0
BRDA:127,5,0,0
BRDA:127,5,1,2
BRDA:140,6,0,1
BRDA:140,6,1,1
BRDA:142,7,0,1
BRDA:142,7,1,0
BRDA:146,8,0,2
BRDA:146,8,1,0
BRF:18
BRH:11
end_of_record
TN:
SF:app/HooksHandler.js
FN:5,(anonymous_0)
FN:9,(anonymous_1)
FN:25,(anonymous_2)
FN:30,(anonymous_3)
FN:38,(anonymous_4)
FN:47,(anonymous_5)
FN:55,(anonymous_6)
FN:67,(anonymous_7)
FN:81,(anonymous_8)
FN:90,(anonymous_9)
FN:100,(anonymous_10)
FN:111,(anonymous_11)
FNF:12
FNH:12
FNDA:9,(anonymous_0)
FNDA:8,(anonymous_1)
FNDA:1,(anonymous_2)
FNDA:1,(anonymous_3)
FNDA:1,(anonymous_4)
FNDA:1,(anonymous_5)
FNDA:4,(anonymous_6)
FNDA:4,(anonymous_7)
FNDA:2,(anonymous_8)
FNDA:4,(anonymous_9)
FNDA:3,(anonymous_10)
FNDA:1,(anonymous_11)
DA:1,1
DA:2,1
DA:6,9
DA:7,9
DA:8,9
DA:10,8
DA:22,9
DA:26,1
DA:27,1
DA:29,1
DA:31,1
DA:35,1
DA:39,1
DA:45,1
DA:46,1
DA:48,1
DA:52,1
DA:64,4
DA:65,4
DA:66,4
DA:68,4
DA:78,4
DA:82,2
DA:87,2
DA:91,4
DA:97,4
DA:101,3
DA:108,3
DA:112,1
DA:119,1
DA:123,1
LF:31
LH:31
BRDA:5,0,0,1
BRDA:25,1,0,1
BRDA:58,2,0,2
BRF:3
BRH:3
end_of_record
TN:
SF:app/Interaction.js
FN:2,(anonymous_0)
FN:13,(anonymous_1)
FNF:2
FNH:2
FNDA:21,(anonymous_0)
FNDA:2,(anonymous_1)
DA:3,21
DA:14,2
DA:22,1
LF:3
LH:3
BRF:0
BRH:0
end_of_record
TN:
SF:app/MessageFormat.js
FN:5,(anonymous_0)
FN:11,(anonymous_1)
FN:18,(anonymous_2)
FN:20,(anonymous_3)
FNF:4
FNH:4
FNDA:3,(anonymous_0)
FNDA:3,(anonymous_1)
FNDA:2,(anonymous_2)
FNDA:5,(anonymous_3)
DA:1,1
DA:2,1
DA:6,3
DA:12,3
DA:13,5
DA:15,3
DA:19,2
DA:20,2
DA:21,5
DA:24,2
DA:28,1
LF:11
LH:11
BRF:0
BRH:0
end_of_record
TN:
SF:app/Scheduled.js
FN:10,(anonymous_0)
FN:11,(anonymous_1)
FN:12,(anonymous_2)
FN:28,(anonymous_3)
FN:30,(anonymous_4)
FN:32,(anonymous_5)
FNF:6
FNH:6
FNDA:1,(anonymous_0)
FNDA:1,(anonymous_1)
FNDA:2,(anonymous_2)
FNDA:1,(anonymous_3)
FNDA:1,(anonymous_4)
FNDA:2,(anonymous_5)
DA:1,1
DA:2,1
DA:3,1
DA:4,1
DA:5,1
DA:7,1
DA:11,1
DA:12,1
DA:13,2
DA:14,2
DA:24,1
DA:30,1
DA:31,1
DA:32,1
DA:33,2
DA:34,2
DA:38,2
DA:43,2
DA:44,2
DA:56,1
DA:61,1
LF:21
LH:21
BRDA:10,0,0,0
BRDA:28,1,0,0
BRDA:38,2,0,2
BRDA:38,2,1,0
BRDA:38,3,0,2
BRDA:38,3,1,2
BRDA:38,3,2,2
BRDA:38,3,3,2
BRF:8
BRH:5
end_of_record
TN:
SF:commands/hookadd.js
FN:13,(anonymous_0)
FN:17,(anonymous_1)
FN:22,(anonymous_2)
FN:27,(anonymous_3)
FN:31,(anonymous_4)
FNF:5
FNH:5
FNDA:1,(anonymous_0)
FNDA:1,(anonymous_1)
FNDA:1,(anonymous_2)
FNDA:1,(anonymous_3)
FNDA:3,(anonymous_4)
DA:1,1
DA:3,1
DA:4,1
DA:5,1
DA:6,1
DA:7,1
DA:9,1
DA:14,1
DA:18,1
DA:22,1
DA:27,1
DA:32,3
DA:33,3
DA:43,3
DA:44,3
DA:46,2
DA:47,1
DA:48,1
DA:53,1
DA:54,1
DA:56,1
DA:58,1
LF:22
LH:22
BRDA:46,0,0,1
BRDA:46,0,1,1
BRF:2
BRH:2
end_of_record
TN:
SF:commands/hookdelete.js
FN:13,(anonymous_0)
FNF:1
FNH:1
FNDA:2,(anonymous_0)
DA:5,1
DA:6,1
DA:7,1
DA:9,1
DA:14,2
DA:15,2
DA:20,2
DA:21,1
DA:27,1
DA:35,1
LF:10
LH:10
BRDA:20,0,0,1
BRDA:20,0,1,1
BRF:2
BRH:2
end_of_record
TN:
SF:commands/hookhide.js
FN:13,(anonymous_0)
FNF:1
FNH:1
FNDA:2,(anonymous_0)
DA:5,1
DA:6,1
DA:7,1
DA:9,1
DA:14,2
DA:15,2
DA:27,2
DA:28,1
DA:34,1
DA:42,1
LF:10
LH:10
BRDA:27,0,0,1
BRDA:27,0,1,1
BRF:2
BRH:2
end_of_record
TN:
SF:commands/hookpoll.js
FN:11,(anonymous_0)
FNF:1
FNH:1
FNDA:1,(anonymous_0)
DA:1,1
DA:2,1
DA:3,1
DA:4,1
DA:5,1
DA:7,1
DA:12,1
DA:13,1
DA:14,1
DA:16,1
DA:21,1
LF:11
LH:11
BRF:0
BRH:0
end_of_record
TN:
SF:commands/hookunhide.js
FN:13,(anonymous_0)
FNF:1
FNH:1
FNDA:2,(anonymous_0)
DA:5,1
DA:6,1
DA:7,1
DA:9,1
DA:14,2
DA:15,2
DA:27,2
DA:28,1
DA:34,1
DA:42,1
LF:10
LH:10
BRDA:27,0,0,1
BRDA:27,0,1,1
BRF:2
BRH:2
end_of_record
TN:
SF:commands/updatehookchannel.js
FN:10,(anonymous_0)
FNF:1
FNH:1
FNDA:1,(anonymous_0)
DA:1,1
DA:2,1
DA:3,1
DA:4,1
DA:6,1
DA:11,1
DA:13,1
DA:15,1
LF:8
LH:8
BRF:0
BRH:0
end_of_record
TN:
SF:events/interactionCreate.js
FN:5,(anonymous_0)
FNF:1
FNH:0
FNDA:0,(anonymous_0)
DA:1,1
DA:3,1
DA:6,0
LF:3
LH:2
BRF:0
BRH:0
end_of_record
TN:
SF:events/messageCreate.js
FN:8,(anonymous_0)
FNF:1
FNH:0
FNDA:0,(anonymous_0)
DA:1,1
DA:2,1
DA:3,1
DA:6,1
DA:9,0
DA:10,0
DA:11,0
DA:12,0
DA:13,0
DA:18,0
DA:19,0
LF:11
LH:4
BRDA:18,0,0,0
BRDA:18,0,1,0
BRF:2
BRH:0
end_of_record
TN:
SF:events/ready.js
FN:4,(anonymous_0)
FNF:1
FNH:0
FNDA:0,(anonymous_0)
DA:1,1
DA:5,0
LF:2
LH:1
BRF:0
BRH:0
end_of_record
TN:
SF:models/MissionHooks.js
FN:6,(anonymous_0)
FN:13,(anonymous_1)
FNF:2
FNH:2
FNDA:1,(anonymous_0)
FNDA:1,(anonymous_1)
DA:5,1
DA:6,1
DA:17,1
DA:77,1
LF:4
LH:4
BRF:0
BRH:0
end_of_record
TN:
SF:models/index.js
FN:25,(anonymous_0)
FN:30,(anonymous_1)
FN:37,(anonymous_2)
FNF:3
FNH:3
FNDA:2,(anonymous_0)
FNDA:1,(anonymous_1)
FNDA:1,(anonymous_2)
DA:3,1
DA:4,1
DA:5,1
DA:6,1
DA:7,1
DA:8,1
DA:9,1
DA:12,1
DA:13,0
DA:15,1
DA:23,1
DA:26,2
DA:31,1
DA:34,1
DA:37,1
DA:38,1
DA:39,1
DA:43,1
DA:44,1
DA:46,1
LF:20
LH:19
BRDA:7,0,0,1
BRDA:7,0,1,1
BRDA:12,1,0,0
BRDA:12,1,1,1
BRDA:26,2,0,2
BRDA:26,2,1,2
BRDA:26,2,2,1
BRDA:38,3,0,1
BRDA:38,3,1,0
BRF:9
BRH:7
end_of_record
TN:
SF:valueObjects/alphabet.js
FNF:0
FNH:0
DA:1,1
LF:1
LH:1
BRF:0
BRH:0
end_of_record
TN:
SF:valueObjects/hook.js
FN:2,(anonymous_0)
FN:22,(anonymous_1)
FN:35,(anonymous_2)
FN:47,(anonymous_3)
FN:58,(anonymous_4)
FNF:5
FNH:5
FNDA:17,(anonymous_0)
FNDA:1,(anonymous_1)
FNDA:40,(anonymous_2)
FNDA:3,(anonymous_3)
FNDA:2,(anonymous_4)
DA:12,17
DA:13,17
DA:14,17
DA:15,17
DA:16,17
DA:17,17
DA:18,17
DA:19,17
DA:23,1
DA:36,40
DA:48,3
DA:52,3
DA:53,3
DA:55,3
DA:59,2
DA:63,2
DA:67,1
LF:17
LH:17
BRDA:10,0,0,3
BRDA:52,1,0,3
BRDA:52,1,1,0
BRF:3
BRH:2
end_of_record
TN:
SF:valueObjects/roles.js
FNF:0
FNH:0
DA:1,1
LF:1
LH:1
BRF:0
BRH:0
end_of_record
TN:
SF:valueObjects/scheduledMessages.js
FNF:0
FNH:0
DA:3,1
DA:4,1
DA:6,1
LF:3
LH:3
BRF:0
BRH:0
end_of_record
TN:
SF:valueObjects/scheduledPolls.js
FNF:0
FNH:0
DA:1,1
DA:2,1
DA:4,1
LF:3
LH:3
BRF:0
BRH:0
end_of_record
TN:
SF:valueObjects/westmarchChannels.js
FNF:0
FNH:0
DA:6,1
DA:8,1
LF:2
LH:2
BRF:0
BRH:0
end_of_record
